<?xml version="1.0" encoding="UTF-8"?>
<!-- Generated by org.testng.reporters.JUnitReportReporter -->
<testsuite hostname="DESKTOP-S2I7VH9" failures="0" tests="2" name="src.BootstrapDropdown" time="95.349" errors="0" timestamp="2021-03-03T09:43:51 IST" skipped="0">
  <testcase classname="src.BootstrapDropdown" name="test_1" time="40.160"/>
  <system-out>
The browser window is opened The browser window is maximized clicked for sign in slept for 5 sec browser is closed  </system-out>
  <testcase classname="src.BootstrapDropdown" name="test_1" time="55.189"/>
  <system-out>
The browser window is opened The browser window is maximized clicked for sign in slept for 5 sec browser is closed  </system-out>
</testsuite> <!-- src.BootstrapDropdown -->
